{"/Users/filhc/Documents/YPF/Code/Edge/CodeCommit/esme-esperanto-station-listener/src/env.js": {"path":"/Users/filhc/Documents/YPF/Code/Edge/CodeCommit/esme-esperanto-station-listener/src/env.js","statementMap":{"0":{"start":{"line":1,"column":30},"end":{"line":7,"column":1}},"1":{"start":{"line":9,"column":28},"end":{"line":9,"column":53}},"2":{"start":{"line":11,"column":22},"end":{"line":11,"column":44}},"3":{"start":{"line":13,"column":32},"end":{"line":13,"column":97}},"4":{"start":{"line":15,"column":38},"end":{"line":18,"column":1}},"5":{"start":{"line":20,"column":25},"end":{"line":20,"column":47}}},"fnMap":{},"branchMap":{},"s":{"0":4,"1":4,"2":4,"3":4,"4":4,"5":4},"f":{},"b":{},"_coverageSchema":"1a1c01bbd47fc00a2c39e90264f33305004495a9","hash":"ca6f284e56bc3b379b85ecf4246701d4be686c48"}
,"/Users/filhc/Documents/YPF/Code/Edge/CodeCommit/esme-esperanto-station-listener/src/index.js": {"path":"/Users/filhc/Documents/YPF/Code/Edge/CodeCommit/esme-esperanto-station-listener/src/index.js","statementMap":{"0":{"start":{"line":6,"column":2},"end":{"line":6,"column":43}},"1":{"start":{"line":7,"column":2},"end":{"line":7,"column":56}},"2":{"start":{"line":10,"column":0},"end":{"line":10,"column":8}}},"fnMap":{"0":{"name":"start","decl":{"start":{"line":5,"column":24},"end":{"line":5,"column":29}},"loc":{"start":{"line":5,"column":32},"end":{"line":8,"column":1}},"line":5}},"branchMap":{},"s":{"0":3,"1":3,"2":1},"f":{"0":3},"b":{},"_coverageSchema":"1a1c01bbd47fc00a2c39e90264f33305004495a9","hash":"2b1a7e9f4f7f1a68e072b424fff246174645aebb"}
,"/Users/filhc/Documents/YPF/Code/Edge/CodeCommit/esme-esperanto-station-listener/src/controller/listenToTopic.js": {"path":"/Users/filhc/Documents/YPF/Code/Edge/CodeCommit/esme-esperanto-station-listener/src/controller/listenToTopic.js","statementMap":{"0":{"start":{"line":9,"column":16},"end":{"line":9,"column":39}},"1":{"start":{"line":24,"column":2},"end":{"line":42,"column":3}},"2":{"start":{"line":25,"column":26},"end":{"line":27,"column":5}},"3":{"start":{"line":28,"column":4},"end":{"line":39,"column":5}},"4":{"start":{"line":29,"column":6},"end":{"line":33,"column":8}},"5":{"start":{"line":34,"column":6},"end":{"line":34,"column":36}},"6":{"start":{"line":41,"column":4},"end":{"line":41,"column":75}}},"fnMap":{"0":{"name":"createSubscriptionAndConnectToTopic","decl":{"start":{"line":23,"column":22},"end":{"line":23,"column":57}},"loc":{"start":{"line":23,"column":65},"end":{"line":43,"column":1}},"line":23}},"branchMap":{"0":{"loc":{"start":{"line":28,"column":4},"end":{"line":39,"column":5}},"type":"if","locations":[{"start":{"line":28,"column":4},"end":{"line":39,"column":5}},{"start":{"line":35,"column":11},"end":{"line":39,"column":5}}],"line":28}},"s":{"0":2,"1":5,"2":5,"3":3,"4":3,"5":3,"6":2},"f":{"0":5},"b":{"0":[3,0]},"_coverageSchema":"1a1c01bbd47fc00a2c39e90264f33305004495a9","hash":"ab365b261f5824e1fc1b85df1436c4a6618d43e6"}
,"/Users/filhc/Documents/YPF/Code/Edge/CodeCommit/esme-esperanto-station-listener/src/controller/mosquitto.js": {"path":"/Users/filhc/Documents/YPF/Code/Edge/CodeCommit/esme-esperanto-station-listener/src/controller/mosquitto.js","statementMap":{"0":{"start":{"line":10,"column":2},"end":{"line":28,"column":5}},"1":{"start":{"line":11,"column":4},"end":{"line":27,"column":5}},"2":{"start":{"line":12,"column":30},"end":{"line":12,"column":63}},"3":{"start":{"line":13,"column":25},"end":{"line":13,"column":52}},"4":{"start":{"line":14,"column":6},"end":{"line":14,"column":61}},"5":{"start":{"line":16,"column":29},"end":{"line":19,"column":7}},"6":{"start":{"line":21,"column":6},"end":{"line":21,"column":53}},"7":{"start":{"line":22,"column":6},"end":{"line":22,"column":30}},"8":{"start":{"line":24,"column":6},"end":{"line":26,"column":8}}},"fnMap":{"0":{"name":"publish","decl":{"start":{"line":8,"column":22},"end":{"line":8,"column":29}},"loc":{"start":{"line":8,"column":46},"end":{"line":29,"column":1}},"line":8},"1":{"name":"(anonymous_1)","decl":{"start":{"line":10,"column":21},"end":{"line":10,"column":22}},"loc":{"start":{"line":10,"column":48},"end":{"line":28,"column":3}},"line":10}},"branchMap":{},"s":{"0":2,"1":2,"2":2,"3":2,"4":2,"5":2,"6":1,"7":1,"8":1},"f":{"0":2,"1":2},"b":{},"_coverageSchema":"1a1c01bbd47fc00a2c39e90264f33305004495a9","hash":"cb467070c70b4f3f5c24997d829026c1f94893cf"}
,"/Users/filhc/Documents/YPF/Code/Edge/CodeCommit/esme-esperanto-station-listener/src/services/iotv2.js": {"path":"/Users/filhc/Documents/YPF/Code/Edge/CodeCommit/esme-esperanto-station-listener/src/services/iotv2.js","statementMap":{"0":{"start":{"line":12,"column":24},"end":{"line":12,"column":48}},"1":{"start":{"line":13,"column":17},"end":{"line":13,"column":33}},"2":{"start":{"line":14,"column":0},"end":{"line":14,"column":28}},"3":{"start":{"line":17,"column":20},"end":{"line":21,"column":1}},"4":{"start":{"line":19,"column":19},"end":{"line":19,"column":48}},"5":{"start":{"line":20,"column":2},"end":{"line":20,"column":18}},"6":{"start":{"line":33,"column":17},"end":{"line":33,"column":53}},"7":{"start":{"line":34,"column":2},"end":{"line":34,"column":16}},"8":{"start":{"line":43,"column":23},"end":{"line":46,"column":3}},"9":{"start":{"line":48,"column":2},"end":{"line":48,"column":61}},"10":{"start":{"line":49,"column":2},"end":{"line":51,"column":3}},"11":{"start":{"line":50,"column":4},"end":{"line":50,"column":29}},"12":{"start":{"line":52,"column":2},"end":{"line":117,"column":3}},"13":{"start":{"line":54,"column":4},"end":{"line":70,"column":5}},"14":{"start":{"line":65,"column":6},"end":{"line":69,"column":10}},"15":{"start":{"line":72,"column":4},"end":{"line":75,"column":6}},"16":{"start":{"line":77,"column":4},"end":{"line":77,"column":43}},"17":{"start":{"line":78,"column":4},"end":{"line":78,"column":62}},"18":{"start":{"line":79,"column":4},"end":{"line":79,"column":33}},"19":{"start":{"line":80,"column":4},"end":{"line":80,"column":45}},"20":{"start":{"line":81,"column":4},"end":{"line":81,"column":46}},"21":{"start":{"line":82,"column":4},"end":{"line":82,"column":43}},"22":{"start":{"line":84,"column":4},"end":{"line":86,"column":5}},"23":{"start":{"line":85,"column":6},"end":{"line":85,"column":58}},"24":{"start":{"line":88,"column":19},"end":{"line":88,"column":40}},"25":{"start":{"line":89,"column":19},"end":{"line":89,"column":55}},"26":{"start":{"line":90,"column":4},"end":{"line":90,"column":54}},"27":{"start":{"line":92,"column":4},"end":{"line":102,"column":7}},"28":{"start":{"line":103,"column":4},"end":{"line":106,"column":7}},"29":{"start":{"line":107,"column":4},"end":{"line":112,"column":7}},"30":{"start":{"line":114,"column":4},"end":{"line":116,"column":6}},"31":{"start":{"line":118,"column":2},"end":{"line":118,"column":27}},"32":{"start":{"line":129,"column":2},"end":{"line":129,"column":51}},"33":{"start":{"line":130,"column":2},"end":{"line":137,"column":3}},"34":{"start":{"line":131,"column":24},"end":{"line":131,"column":47}},"35":{"start":{"line":132,"column":4},"end":{"line":132,"column":50}},"36":{"start":{"line":133,"column":4},"end":{"line":133,"column":71}},"37":{"start":{"line":134,"column":4},"end":{"line":134,"column":49}},"38":{"start":{"line":136,"column":4},"end":{"line":136,"column":72}},"39":{"start":{"line":145,"column":2},"end":{"line":145,"column":47}},"40":{"start":{"line":147,"column":2},"end":{"line":186,"column":5}},"41":{"start":{"line":148,"column":4},"end":{"line":185,"column":5}},"42":{"start":{"line":149,"column":6},"end":{"line":149,"column":72}},"43":{"start":{"line":151,"column":6},"end":{"line":162,"column":9}},"44":{"start":{"line":164,"column":6},"end":{"line":178,"column":9}},"45":{"start":{"line":181,"column":6},"end":{"line":181,"column":16}},"46":{"start":{"line":189,"column":25},"end":{"line":189,"column":38}}},"fnMap":{"0":{"name":"(anonymous_0)","decl":{"start":{"line":17,"column":20},"end":{"line":17,"column":21}},"loc":{"start":{"line":17,"column":31},"end":{"line":21,"column":1}},"line":17},"1":{"name":"getMQTTClient","decl":{"start":{"line":32,"column":22},"end":{"line":32,"column":35}},"loc":{"start":{"line":32,"column":38},"end":{"line":35,"column":1}},"line":32},"2":{"name":"createConnectionConfigs","decl":{"start":{"line":42,"column":16},"end":{"line":42,"column":39}},"loc":{"start":{"line":42,"column":50},"end":{"line":119,"column":1}},"line":42},"3":{"name":"(anonymous_3)","decl":{"start":{"line":92,"column":34},"end":{"line":92,"column":35}},"loc":{"start":{"line":92,"column":51},"end":{"line":102,"column":5}},"line":92},"4":{"name":"(anonymous_4)","decl":{"start":{"line":103,"column":39},"end":{"line":103,"column":40}},"loc":{"start":{"line":103,"column":51},"end":{"line":106,"column":5}},"line":103},"5":{"name":"(anonymous_5)","decl":{"start":{"line":107,"column":38},"end":{"line":107,"column":39}},"loc":{"start":{"line":107,"column":55},"end":{"line":112,"column":5}},"line":107},"6":{"name":"publish","decl":{"start":{"line":128,"column":22},"end":{"line":128,"column":29}},"loc":{"start":{"line":128,"column":58},"end":{"line":138,"column":1}},"line":128},"7":{"name":"createSubscribeOnConnectAndResume","decl":{"start":{"line":140,"column":22},"end":{"line":140,"column":55}},"loc":{"start":{"line":144,"column":2},"end":{"line":187,"column":1}},"line":144},"8":{"name":"(anonymous_8)","decl":{"start":{"line":147,"column":21},"end":{"line":147,"column":22}},"loc":{"start":{"line":147,"column":48},"end":{"line":186,"column":3}},"line":147},"9":{"name":"(anonymous_9)","decl":{"start":{"line":151,"column":31},"end":{"line":151,"column":32}},"loc":{"start":{"line":151,"column":43},"end":{"line":162,"column":7}},"line":151},"10":{"name":"(anonymous_10)","decl":{"start":{"line":164,"column":30},"end":{"line":164,"column":31}},"loc":{"start":{"line":164,"column":68},"end":{"line":178,"column":7}},"line":164}},"branchMap":{"0":{"loc":{"start":{"line":49,"column":2},"end":{"line":51,"column":3}},"type":"if","locations":[{"start":{"line":49,"column":2},"end":{"line":51,"column":3}},{"start":{},"end":{}}],"line":49},"1":{"loc":{"start":{"line":54,"column":4},"end":{"line":70,"column":5}},"type":"if","locations":[{"start":{"line":64,"column":11},"end":{"line":70,"column":5}}],"line":54},"2":{"loc":{"start":{"line":84,"column":4},"end":{"line":86,"column":5}},"type":"if","locations":[{"start":{"line":84,"column":4},"end":{"line":86,"column":5}},{"start":{},"end":{}}],"line":84}},"s":{"0":3,"1":3,"2":3,"3":3,"4":24,"5":24,"6":1,"7":1,"8":12,"9":12,"10":12,"11":4,"12":8,"13":8,"14":8,"15":8,"16":8,"17":8,"18":8,"19":8,"20":8,"21":8,"22":8,"23":3,"24":8,"25":7,"26":7,"27":6,"28":5,"29":5,"30":3,"31":5,"32":2,"33":2,"34":2,"35":2,"36":2,"37":1,"38":1,"39":4,"40":4,"41":4,"42":4,"43":4,"44":4,"45":4,"46":3},"f":{"0":24,"1":1,"2":12,"3":0,"4":0,"5":0,"6":2,"7":4,"8":4,"9":0,"10":0},"b":{"0":[4,8],"1":[8],"2":[3,5]},"_coverageSchema":"1a1c01bbd47fc00a2c39e90264f33305004495a9","hash":"3c80f153e2be79ff75d291b9839177e459a10441"}
,"/Users/filhc/Documents/YPF/Code/Edge/CodeCommit/esme-esperanto-station-listener/src/services/mosquitto.js": {"path":"/Users/filhc/Documents/YPF/Code/Edge/CodeCommit/esme-esperanto-station-listener/src/services/mosquitto.js","statementMap":{"0":{"start":{"line":5,"column":24},"end":{"line":5,"column":27}},"1":{"start":{"line":15,"column":2},"end":{"line":17,"column":3}},"2":{"start":{"line":16,"column":4},"end":{"line":16,"column":16}},"3":{"start":{"line":19,"column":2},"end":{"line":43,"column":5}},"4":{"start":{"line":20,"column":4},"end":{"line":20,"column":53}},"5":{"start":{"line":21,"column":19},"end":{"line":21,"column":45}},"6":{"start":{"line":22,"column":24},"end":{"line":22,"column":47}},"7":{"start":{"line":24,"column":4},"end":{"line":27,"column":7}},"8":{"start":{"line":25,"column":6},"end":{"line":25,"column":48}},"9":{"start":{"line":26,"column":6},"end":{"line":26,"column":34}},"10":{"start":{"line":29,"column":4},"end":{"line":36,"column":7}},"11":{"start":{"line":30,"column":6},"end":{"line":30,"column":60}},"12":{"start":{"line":31,"column":6},"end":{"line":34,"column":8}},"13":{"start":{"line":35,"column":6},"end":{"line":35,"column":20}},"14":{"start":{"line":38,"column":4},"end":{"line":42,"column":7}},"15":{"start":{"line":39,"column":6},"end":{"line":39,"column":80}},"16":{"start":{"line":41,"column":6},"end":{"line":41,"column":18}}},"fnMap":{"0":{"name":"getMQTTClient","decl":{"start":{"line":14,"column":22},"end":{"line":14,"column":35}},"loc":{"start":{"line":14,"column":50},"end":{"line":44,"column":1}},"line":14},"1":{"name":"(anonymous_1)","decl":{"start":{"line":19,"column":21},"end":{"line":19,"column":22}},"loc":{"start":{"line":19,"column":42},"end":{"line":43,"column":3}},"line":19},"2":{"name":"(anonymous_2)","decl":{"start":{"line":24,"column":30},"end":{"line":24,"column":31}},"loc":{"start":{"line":24,"column":42},"end":{"line":27,"column":5}},"line":24},"3":{"name":"(anonymous_3)","decl":{"start":{"line":29,"column":30},"end":{"line":29,"column":31}},"loc":{"start":{"line":29,"column":36},"end":{"line":36,"column":5}},"line":29},"4":{"name":"(anonymous_4)","decl":{"start":{"line":38,"column":28},"end":{"line":38,"column":29}},"loc":{"start":{"line":38,"column":37},"end":{"line":42,"column":5}},"line":38}},"branchMap":{"0":{"loc":{"start":{"line":15,"column":2},"end":{"line":17,"column":3}},"type":"if","locations":[{"start":{"line":15,"column":2},"end":{"line":17,"column":3}},{"start":{},"end":{}}],"line":15}},"s":{"0":4,"1":4,"2":2,"3":2,"4":2,"5":2,"6":2,"7":2,"8":0,"9":0,"10":2,"11":2,"12":2,"13":2,"14":2,"15":1,"16":1},"f":{"0":4,"1":2,"2":0,"3":2,"4":1},"b":{"0":[2,2]},"_coverageSchema":"1a1c01bbd47fc00a2c39e90264f33305004495a9","hash":"98d22623c2aa884310f4ae2d4efcab20aebba877"}
,"/Users/filhc/Documents/YPF/Code/Edge/CodeCommit/esme-esperanto-station-listener/src/utils/winstonLogger.js": {"path":"/Users/filhc/Documents/YPF/Code/Edge/CodeCommit/esme-esperanto-station-listener/src/utils/winstonLogger.js","statementMap":{"0":{"start":{"line":19,"column":16},"end":{"line":34,"column":1}},"1":{"start":{"line":37,"column":15},"end":{"line":50,"column":2}}},"fnMap":{},"branchMap":{},"s":{"0":6,"1":6},"f":{},"b":{},"_coverageSchema":"1a1c01bbd47fc00a2c39e90264f33305004495a9","hash":"c2fc71427874788fde1aac0151834196da98a889"}
}
