{"/Users/filhc/Documents/IoT/iotcore-to-mosquitto-listener/src/env.js": {"path":"/Users/filhc/Documents/IoT/iotcore-to-mosquitto-listener/src/env.js","statementMap":{"0":{"start":{"line":4,"column":30},"end":{"line":10,"column":1}},"1":{"start":{"line":12,"column":28},"end":{"line":12,"column":53}},"2":{"start":{"line":14,"column":22},"end":{"line":14,"column":44}},"3":{"start":{"line":16,"column":32},"end":{"line":16,"column":93}},"4":{"start":{"line":18,"column":24},"end":{"line":18,"column":45}},"5":{"start":{"line":20,"column":38},"end":{"line":23,"column":1}},"6":{"start":{"line":25,"column":25},"end":{"line":25,"column":46}}},"fnMap":{},"branchMap":{},"s":{"0":4,"1":4,"2":4,"3":4,"4":4,"5":4,"6":4},"f":{},"b":{},"_coverageSchema":"1a1c01bbd47fc00a2c39e90264f33305004495a9","hash":"c1ef094d6418948b93471c0020ace9430e13fd0a"}
,"/Users/filhc/Documents/IoT/iotcore-to-mosquitto-listener/src/index.js": {"path":"/Users/filhc/Documents/IoT/iotcore-to-mosquitto-listener/src/index.js","statementMap":{"0":{"start":{"line":9,"column":2},"end":{"line":9,"column":43}},"1":{"start":{"line":10,"column":2},"end":{"line":10,"column":56}},"2":{"start":{"line":13,"column":0},"end":{"line":13,"column":8}}},"fnMap":{"0":{"name":"start","decl":{"start":{"line":8,"column":24},"end":{"line":8,"column":29}},"loc":{"start":{"line":8,"column":32},"end":{"line":11,"column":1}},"line":8}},"branchMap":{},"s":{"0":3,"1":3,"2":1},"f":{"0":3},"b":{},"_coverageSchema":"1a1c01bbd47fc00a2c39e90264f33305004495a9","hash":"cc28eda686f379e93c7c273814514ea5a3020de0"}
,"/Users/filhc/Documents/IoT/iotcore-to-mosquitto-listener/src/controller/listenToTopic.js": {"path":"/Users/filhc/Documents/IoT/iotcore-to-mosquitto-listener/src/controller/listenToTopic.js","statementMap":{"0":{"start":{"line":12,"column":16},"end":{"line":12,"column":39}},"1":{"start":{"line":15,"column":24},"end":{"line":15,"column":72}},"2":{"start":{"line":16,"column":2},"end":{"line":16,"column":54}},"3":{"start":{"line":17,"column":24},"end":{"line":17,"column":49}},"4":{"start":{"line":18,"column":22},"end":{"line":18,"column":66}},"5":{"start":{"line":19,"column":29},"end":{"line":19,"column":50}},"6":{"start":{"line":20,"column":2},"end":{"line":20,"column":76}},"7":{"start":{"line":24,"column":2},"end":{"line":42,"column":3}},"8":{"start":{"line":25,"column":26},"end":{"line":27,"column":5}},"9":{"start":{"line":28,"column":4},"end":{"line":39,"column":5}},"10":{"start":{"line":29,"column":6},"end":{"line":33,"column":8}},"11":{"start":{"line":34,"column":6},"end":{"line":34,"column":36}},"12":{"start":{"line":41,"column":4},"end":{"line":41,"column":75}}},"fnMap":{"0":{"name":"sendToMosquitto","decl":{"start":{"line":14,"column":15},"end":{"line":14,"column":30}},"loc":{"start":{"line":14,"column":47},"end":{"line":21,"column":1}},"line":14},"1":{"name":"createSubscriptionAndConnectToTopic","decl":{"start":{"line":23,"column":22},"end":{"line":23,"column":57}},"loc":{"start":{"line":23,"column":65},"end":{"line":43,"column":1}},"line":23}},"branchMap":{"0":{"loc":{"start":{"line":28,"column":4},"end":{"line":39,"column":5}},"type":"if","locations":[{"start":{"line":28,"column":4},"end":{"line":39,"column":5}},{"start":{"line":35,"column":11},"end":{"line":39,"column":5}}],"line":28}},"s":{"0":2,"1":0,"2":0,"3":0,"4":0,"5":0,"6":0,"7":5,"8":5,"9":3,"10":3,"11":3,"12":2},"f":{"0":0,"1":5},"b":{"0":[3,0]},"_coverageSchema":"1a1c01bbd47fc00a2c39e90264f33305004495a9","hash":"b741c23901eef2df9fd59d116aad630ad090f5ea"}
,"/Users/filhc/Documents/IoT/iotcore-to-mosquitto-listener/src/controller/mosquitto.js": {"path":"/Users/filhc/Documents/IoT/iotcore-to-mosquitto-listener/src/controller/mosquitto.js","statementMap":{"0":{"start":{"line":11,"column":2},"end":{"line":29,"column":5}},"1":{"start":{"line":12,"column":4},"end":{"line":28,"column":5}},"2":{"start":{"line":13,"column":30},"end":{"line":13,"column":63}},"3":{"start":{"line":14,"column":25},"end":{"line":14,"column":52}},"4":{"start":{"line":15,"column":6},"end":{"line":15,"column":61}},"5":{"start":{"line":17,"column":29},"end":{"line":20,"column":7}},"6":{"start":{"line":22,"column":6},"end":{"line":22,"column":53}},"7":{"start":{"line":23,"column":6},"end":{"line":23,"column":30}},"8":{"start":{"line":25,"column":6},"end":{"line":27,"column":8}}},"fnMap":{"0":{"name":"publish","decl":{"start":{"line":9,"column":22},"end":{"line":9,"column":29}},"loc":{"start":{"line":9,"column":46},"end":{"line":30,"column":1}},"line":9},"1":{"name":"(anonymous_1)","decl":{"start":{"line":11,"column":21},"end":{"line":11,"column":22}},"loc":{"start":{"line":11,"column":48},"end":{"line":29,"column":3}},"line":11}},"branchMap":{},"s":{"0":2,"1":2,"2":2,"3":2,"4":2,"5":2,"6":1,"7":1,"8":1},"f":{"0":2,"1":2},"b":{},"_coverageSchema":"1a1c01bbd47fc00a2c39e90264f33305004495a9","hash":"2a7400f1f525151f44edbc3f4859ffc6317515bf"}
,"/Users/filhc/Documents/IoT/iotcore-to-mosquitto-listener/src/services/iotv2.js": {"path":"/Users/filhc/Documents/IoT/iotcore-to-mosquitto-listener/src/services/iotv2.js","statementMap":{"0":{"start":{"line":15,"column":24},"end":{"line":15,"column":48}},"1":{"start":{"line":16,"column":17},"end":{"line":16,"column":33}},"2":{"start":{"line":17,"column":0},"end":{"line":17,"column":28}},"3":{"start":{"line":20,"column":20},"end":{"line":24,"column":1}},"4":{"start":{"line":22,"column":19},"end":{"line":22,"column":48}},"5":{"start":{"line":23,"column":2},"end":{"line":23,"column":18}},"6":{"start":{"line":36,"column":17},"end":{"line":36,"column":53}},"7":{"start":{"line":37,"column":2},"end":{"line":37,"column":16}},"8":{"start":{"line":46,"column":23},"end":{"line":49,"column":3}},"9":{"start":{"line":51,"column":2},"end":{"line":51,"column":61}},"10":{"start":{"line":52,"column":2},"end":{"line":54,"column":3}},"11":{"start":{"line":53,"column":4},"end":{"line":53,"column":29}},"12":{"start":{"line":55,"column":2},"end":{"line":120,"column":3}},"13":{"start":{"line":57,"column":4},"end":{"line":73,"column":5}},"14":{"start":{"line":68,"column":6},"end":{"line":72,"column":10}},"15":{"start":{"line":75,"column":4},"end":{"line":78,"column":6}},"16":{"start":{"line":80,"column":4},"end":{"line":80,"column":43}},"17":{"start":{"line":81,"column":4},"end":{"line":81,"column":62}},"18":{"start":{"line":82,"column":4},"end":{"line":82,"column":33}},"19":{"start":{"line":83,"column":4},"end":{"line":83,"column":45}},"20":{"start":{"line":84,"column":4},"end":{"line":84,"column":46}},"21":{"start":{"line":85,"column":4},"end":{"line":85,"column":43}},"22":{"start":{"line":87,"column":4},"end":{"line":89,"column":5}},"23":{"start":{"line":88,"column":6},"end":{"line":88,"column":58}},"24":{"start":{"line":91,"column":19},"end":{"line":91,"column":40}},"25":{"start":{"line":92,"column":19},"end":{"line":92,"column":55}},"26":{"start":{"line":93,"column":4},"end":{"line":93,"column":54}},"27":{"start":{"line":95,"column":4},"end":{"line":105,"column":7}},"28":{"start":{"line":106,"column":4},"end":{"line":109,"column":7}},"29":{"start":{"line":110,"column":4},"end":{"line":115,"column":7}},"30":{"start":{"line":117,"column":4},"end":{"line":119,"column":6}},"31":{"start":{"line":121,"column":2},"end":{"line":121,"column":27}},"32":{"start":{"line":132,"column":2},"end":{"line":132,"column":51}},"33":{"start":{"line":133,"column":2},"end":{"line":140,"column":3}},"34":{"start":{"line":134,"column":24},"end":{"line":134,"column":47}},"35":{"start":{"line":135,"column":4},"end":{"line":135,"column":50}},"36":{"start":{"line":136,"column":4},"end":{"line":136,"column":71}},"37":{"start":{"line":137,"column":4},"end":{"line":137,"column":49}},"38":{"start":{"line":139,"column":4},"end":{"line":139,"column":72}},"39":{"start":{"line":148,"column":2},"end":{"line":148,"column":47}},"40":{"start":{"line":150,"column":2},"end":{"line":189,"column":5}},"41":{"start":{"line":151,"column":4},"end":{"line":188,"column":5}},"42":{"start":{"line":152,"column":6},"end":{"line":152,"column":72}},"43":{"start":{"line":154,"column":6},"end":{"line":165,"column":9}},"44":{"start":{"line":167,"column":6},"end":{"line":181,"column":9}},"45":{"start":{"line":184,"column":6},"end":{"line":184,"column":16}},"46":{"start":{"line":192,"column":25},"end":{"line":192,"column":38}}},"fnMap":{"0":{"name":"(anonymous_0)","decl":{"start":{"line":20,"column":20},"end":{"line":20,"column":21}},"loc":{"start":{"line":20,"column":31},"end":{"line":24,"column":1}},"line":20},"1":{"name":"getMQTTClient","decl":{"start":{"line":35,"column":22},"end":{"line":35,"column":35}},"loc":{"start":{"line":35,"column":38},"end":{"line":38,"column":1}},"line":35},"2":{"name":"createConnectionConfigs","decl":{"start":{"line":45,"column":16},"end":{"line":45,"column":39}},"loc":{"start":{"line":45,"column":50},"end":{"line":122,"column":1}},"line":45},"3":{"name":"(anonymous_3)","decl":{"start":{"line":95,"column":34},"end":{"line":95,"column":35}},"loc":{"start":{"line":95,"column":51},"end":{"line":105,"column":5}},"line":95},"4":{"name":"(anonymous_4)","decl":{"start":{"line":106,"column":39},"end":{"line":106,"column":40}},"loc":{"start":{"line":106,"column":51},"end":{"line":109,"column":5}},"line":106},"5":{"name":"(anonymous_5)","decl":{"start":{"line":110,"column":38},"end":{"line":110,"column":39}},"loc":{"start":{"line":110,"column":55},"end":{"line":115,"column":5}},"line":110},"6":{"name":"publish","decl":{"start":{"line":131,"column":22},"end":{"line":131,"column":29}},"loc":{"start":{"line":131,"column":58},"end":{"line":141,"column":1}},"line":131},"7":{"name":"createSubscribeOnConnectAndResume","decl":{"start":{"line":143,"column":22},"end":{"line":143,"column":55}},"loc":{"start":{"line":147,"column":2},"end":{"line":190,"column":1}},"line":147},"8":{"name":"(anonymous_8)","decl":{"start":{"line":150,"column":21},"end":{"line":150,"column":22}},"loc":{"start":{"line":150,"column":48},"end":{"line":189,"column":3}},"line":150},"9":{"name":"(anonymous_9)","decl":{"start":{"line":154,"column":31},"end":{"line":154,"column":32}},"loc":{"start":{"line":154,"column":43},"end":{"line":165,"column":7}},"line":154},"10":{"name":"(anonymous_10)","decl":{"start":{"line":167,"column":30},"end":{"line":167,"column":31}},"loc":{"start":{"line":167,"column":68},"end":{"line":181,"column":7}},"line":167}},"branchMap":{"0":{"loc":{"start":{"line":52,"column":2},"end":{"line":54,"column":3}},"type":"if","locations":[{"start":{"line":52,"column":2},"end":{"line":54,"column":3}},{"start":{},"end":{}}],"line":52},"1":{"loc":{"start":{"line":57,"column":4},"end":{"line":73,"column":5}},"type":"if","locations":[{"start":{"line":67,"column":11},"end":{"line":73,"column":5}}],"line":57},"2":{"loc":{"start":{"line":87,"column":4},"end":{"line":89,"column":5}},"type":"if","locations":[{"start":{"line":87,"column":4},"end":{"line":89,"column":5}},{"start":{},"end":{}}],"line":87}},"s":{"0":3,"1":3,"2":3,"3":3,"4":24,"5":24,"6":1,"7":1,"8":12,"9":12,"10":12,"11":4,"12":8,"13":8,"14":8,"15":8,"16":8,"17":8,"18":8,"19":8,"20":8,"21":8,"22":8,"23":3,"24":8,"25":7,"26":7,"27":6,"28":5,"29":5,"30":3,"31":5,"32":2,"33":2,"34":2,"35":2,"36":2,"37":1,"38":1,"39":4,"40":4,"41":4,"42":4,"43":4,"44":4,"45":4,"46":3},"f":{"0":24,"1":1,"2":12,"3":0,"4":0,"5":0,"6":2,"7":4,"8":4,"9":0,"10":0},"b":{"0":[4,8],"1":[8],"2":[3,5]},"_coverageSchema":"1a1c01bbd47fc00a2c39e90264f33305004495a9","hash":"a9b61321da6e8a9c899713b70a744ecc093ceb1e"}
,"/Users/filhc/Documents/IoT/iotcore-to-mosquitto-listener/src/services/mosquitto.js": {"path":"/Users/filhc/Documents/IoT/iotcore-to-mosquitto-listener/src/services/mosquitto.js","statementMap":{"0":{"start":{"line":8,"column":24},"end":{"line":8,"column":27}},"1":{"start":{"line":18,"column":2},"end":{"line":20,"column":3}},"2":{"start":{"line":19,"column":4},"end":{"line":19,"column":16}},"3":{"start":{"line":22,"column":2},"end":{"line":46,"column":5}},"4":{"start":{"line":23,"column":4},"end":{"line":23,"column":53}},"5":{"start":{"line":24,"column":19},"end":{"line":24,"column":45}},"6":{"start":{"line":25,"column":24},"end":{"line":25,"column":47}},"7":{"start":{"line":27,"column":4},"end":{"line":30,"column":7}},"8":{"start":{"line":28,"column":6},"end":{"line":28,"column":48}},"9":{"start":{"line":29,"column":6},"end":{"line":29,"column":34}},"10":{"start":{"line":32,"column":4},"end":{"line":39,"column":7}},"11":{"start":{"line":33,"column":6},"end":{"line":33,"column":60}},"12":{"start":{"line":34,"column":6},"end":{"line":37,"column":8}},"13":{"start":{"line":38,"column":6},"end":{"line":38,"column":20}},"14":{"start":{"line":41,"column":4},"end":{"line":45,"column":7}},"15":{"start":{"line":42,"column":6},"end":{"line":42,"column":80}},"16":{"start":{"line":44,"column":6},"end":{"line":44,"column":18}}},"fnMap":{"0":{"name":"getMQTTClient","decl":{"start":{"line":17,"column":22},"end":{"line":17,"column":35}},"loc":{"start":{"line":17,"column":50},"end":{"line":47,"column":1}},"line":17},"1":{"name":"(anonymous_1)","decl":{"start":{"line":22,"column":21},"end":{"line":22,"column":22}},"loc":{"start":{"line":22,"column":42},"end":{"line":46,"column":3}},"line":22},"2":{"name":"(anonymous_2)","decl":{"start":{"line":27,"column":30},"end":{"line":27,"column":31}},"loc":{"start":{"line":27,"column":42},"end":{"line":30,"column":5}},"line":27},"3":{"name":"(anonymous_3)","decl":{"start":{"line":32,"column":30},"end":{"line":32,"column":31}},"loc":{"start":{"line":32,"column":36},"end":{"line":39,"column":5}},"line":32},"4":{"name":"(anonymous_4)","decl":{"start":{"line":41,"column":28},"end":{"line":41,"column":29}},"loc":{"start":{"line":41,"column":37},"end":{"line":45,"column":5}},"line":41}},"branchMap":{"0":{"loc":{"start":{"line":18,"column":2},"end":{"line":20,"column":3}},"type":"if","locations":[{"start":{"line":18,"column":2},"end":{"line":20,"column":3}},{"start":{},"end":{}}],"line":18}},"s":{"0":4,"1":4,"2":2,"3":2,"4":2,"5":2,"6":2,"7":2,"8":0,"9":0,"10":2,"11":2,"12":2,"13":2,"14":2,"15":1,"16":1},"f":{"0":4,"1":2,"2":0,"3":2,"4":1},"b":{"0":[2,2]},"_coverageSchema":"1a1c01bbd47fc00a2c39e90264f33305004495a9","hash":"87c6bec142c43d89c29968d9f006b36ef750a0a0"}
,"/Users/filhc/Documents/IoT/iotcore-to-mosquitto-listener/src/utils/winstonLogger.js": {"path":"/Users/filhc/Documents/IoT/iotcore-to-mosquitto-listener/src/utils/winstonLogger.js","statementMap":{"0":{"start":{"line":20,"column":16},"end":{"line":35,"column":1}},"1":{"start":{"line":38,"column":15},"end":{"line":51,"column":2}}},"fnMap":{},"branchMap":{},"s":{"0":6,"1":6},"f":{},"b":{},"_coverageSchema":"1a1c01bbd47fc00a2c39e90264f33305004495a9","hash":"9c617a537908aabdfc54f048b648e4087773843a"}
}
