TN:
SF:src/env.js
FNF:0
FNH:0
DA:4,4
DA:12,4
DA:14,4
DA:16,4
DA:18,4
DA:20,4
DA:25,4
LF:7
LH:7
BRF:0
BRH:0
end_of_record
TN:
SF:src/index.js
FN:8,start
FNF:1
FNH:1
FNDA:3,start
DA:9,3
DA:10,3
DA:13,1
LF:3
LH:3
BRF:0
BRH:0
end_of_record
TN:
SF:src/controller/listenToTopic.js
FN:14,sendToMosquitto
FN:23,createSubscriptionAndConnectToTopic
FNF:2
FNH:1
FNDA:0,sendToMosquitto
FNDA:5,createSubscriptionAndConnectToTopic
DA:12,2
DA:15,0
DA:16,0
DA:17,0
DA:18,0
DA:19,0
DA:20,0
DA:24,5
DA:25,5
DA:28,3
DA:29,3
DA:34,3
DA:41,2
LF:13
LH:7
BRDA:28,0,0,3
BRDA:28,0,1,0
BRF:2
BRH:1
end_of_record
TN:
SF:src/controller/mosquitto.js
FN:9,publish
FN:11,(anonymous_1)
FNF:2
FNH:2
FNDA:2,publish
FNDA:2,(anonymous_1)
DA:11,2
DA:12,2
DA:13,2
DA:14,2
DA:15,2
DA:17,2
DA:22,1
DA:23,1
DA:25,1
LF:9
LH:9
BRF:0
BRH:0
end_of_record
TN:
SF:src/services/iotv2.js
FN:20,(anonymous_0)
FN:35,getMQTTClient
FN:45,createConnectionConfigs
FN:95,(anonymous_3)
FN:106,(anonymous_4)
FN:110,(anonymous_5)
FN:131,publish
FN:143,createSubscribeOnConnectAndResume
FN:150,(anonymous_8)
FN:154,(anonymous_9)
FN:167,(anonymous_10)
FNF:11
FNH:6
FNDA:24,(anonymous_0)
FNDA:1,getMQTTClient
FNDA:12,createConnectionConfigs
FNDA:0,(anonymous_3)
FNDA:0,(anonymous_4)
FNDA:0,(anonymous_5)
FNDA:2,publish
FNDA:4,createSubscribeOnConnectAndResume
FNDA:4,(anonymous_8)
FNDA:0,(anonymous_9)
FNDA:0,(anonymous_10)
DA:15,3
DA:16,3
DA:17,3
DA:20,3
DA:22,24
DA:23,24
DA:36,1
DA:37,1
DA:46,12
DA:51,12
DA:52,12
DA:53,4
DA:55,8
DA:57,8
DA:68,8
DA:75,8
DA:80,8
DA:81,8
DA:82,8
DA:83,8
DA:84,8
DA:85,8
DA:87,8
DA:88,3
DA:91,8
DA:92,7
DA:93,7
DA:95,6
DA:106,5
DA:110,5
DA:117,3
DA:121,5
DA:132,2
DA:133,2
DA:134,2
DA:135,2
DA:136,2
DA:137,1
DA:139,1
DA:148,4
DA:150,4
DA:151,4
DA:152,4
DA:154,4
DA:167,4
DA:184,4
DA:192,3
LF:47
LH:47
BRDA:52,0,0,4
BRDA:52,0,1,8
BRDA:57,1,0,8
BRDA:87,2,0,3
BRDA:87,2,1,5
BRF:5
BRH:5
end_of_record
TN:
SF:src/services/mosquitto.js
FN:17,getMQTTClient
FN:22,(anonymous_1)
FN:27,(anonymous_2)
FN:32,(anonymous_3)
FN:41,(anonymous_4)
FNF:5
FNH:4
FNDA:4,getMQTTClient
FNDA:2,(anonymous_1)
FNDA:0,(anonymous_2)
FNDA:2,(anonymous_3)
FNDA:1,(anonymous_4)
DA:8,4
DA:18,4
DA:19,2
DA:22,2
DA:23,2
DA:24,2
DA:25,2
DA:27,2
DA:28,0
DA:29,0
DA:32,2
DA:33,2
DA:34,2
DA:38,2
DA:41,2
DA:42,1
DA:44,1
LF:17
LH:15
BRDA:18,0,0,2
BRDA:18,0,1,2
BRF:2
BRH:2
end_of_record
TN:
SF:src/utils/winstonLogger.js
FNF:0
FNH:0
DA:20,6
DA:38,6
LF:2
LH:2
BRF:0
BRH:0
end_of_record
