TN:
SF:src/env.js
FNF:0
FNH:0
DA:1,4
DA:9,4
DA:11,4
DA:13,4
DA:15,4
DA:20,4
LF:6
LH:6
BRF:0
BRH:0
end_of_record
TN:
SF:src/index.js
FN:5,start
FNF:1
FNH:1
FNDA:3,start
DA:6,3
DA:7,3
DA:10,1
LF:3
LH:3
BRF:0
BRH:0
end_of_record
TN:
SF:src/controller/listenToTopic.js
FN:23,createSubscriptionAndConnectToTopic
FNF:1
FNH:1
FNDA:5,createSubscriptionAndConnectToTopic
DA:9,2
DA:24,5
DA:25,5
DA:28,3
DA:29,3
DA:34,3
DA:41,2
LF:7
LH:7
BRDA:28,0,0,3
BRDA:28,0,1,0
BRF:2
BRH:1
end_of_record
TN:
SF:src/controller/mosquitto.js
FN:8,publish
FN:10,(anonymous_1)
FNF:2
FNH:2
FNDA:2,publish
FNDA:2,(anonymous_1)
DA:10,2
DA:11,2
DA:12,2
DA:13,2
DA:14,2
DA:16,2
DA:21,1
DA:22,1
DA:24,1
LF:9
LH:9
BRF:0
BRH:0
end_of_record
TN:
SF:src/services/iotv2.js
FN:17,(anonymous_0)
FN:32,getMQTTClient
FN:42,createConnectionConfigs
FN:92,(anonymous_3)
FN:103,(anonymous_4)
FN:107,(anonymous_5)
FN:128,publish
FN:140,createSubscribeOnConnectAndResume
FN:147,(anonymous_8)
FN:151,(anonymous_9)
FN:164,(anonymous_10)
FNF:11
FNH:6
FNDA:24,(anonymous_0)
FNDA:1,getMQTTClient
FNDA:12,createConnectionConfigs
FNDA:0,(anonymous_3)
FNDA:0,(anonymous_4)
FNDA:0,(anonymous_5)
FNDA:2,publish
FNDA:4,createSubscribeOnConnectAndResume
FNDA:4,(anonymous_8)
FNDA:0,(anonymous_9)
FNDA:0,(anonymous_10)
DA:12,3
DA:13,3
DA:14,3
DA:17,3
DA:19,24
DA:20,24
DA:33,1
DA:34,1
DA:43,12
DA:48,12
DA:49,12
DA:50,4
DA:52,8
DA:54,8
DA:65,8
DA:72,8
DA:77,8
DA:78,8
DA:79,8
DA:80,8
DA:81,8
DA:82,8
DA:84,8
DA:85,3
DA:88,8
DA:89,7
DA:90,7
DA:92,6
DA:103,5
DA:107,5
DA:114,3
DA:118,5
DA:129,2
DA:130,2
DA:131,2
DA:132,2
DA:133,2
DA:134,1
DA:136,1
DA:145,4
DA:147,4
DA:148,4
DA:149,4
DA:151,4
DA:164,4
DA:181,4
DA:189,3
LF:47
LH:47
BRDA:49,0,0,4
BRDA:49,0,1,8
BRDA:54,1,0,8
BRDA:84,2,0,3
BRDA:84,2,1,5
BRF:5
BRH:5
end_of_record
TN:
SF:src/services/mosquitto.js
FN:14,getMQTTClient
FN:19,(anonymous_1)
FN:24,(anonymous_2)
FN:29,(anonymous_3)
FN:38,(anonymous_4)
FNF:5
FNH:4
FNDA:4,getMQTTClient
FNDA:2,(anonymous_1)
FNDA:0,(anonymous_2)
FNDA:2,(anonymous_3)
FNDA:1,(anonymous_4)
DA:5,4
DA:15,4
DA:16,2
DA:19,2
DA:20,2
DA:21,2
DA:22,2
DA:24,2
DA:25,0
DA:26,0
DA:29,2
DA:30,2
DA:31,2
DA:35,2
DA:38,2
DA:39,1
DA:41,1
LF:17
LH:15
BRDA:15,0,0,2
BRDA:15,0,1,2
BRF:2
BRH:2
end_of_record
TN:
SF:src/utils/winstonLogger.js
FNF:0
FNH:0
DA:19,6
DA:37,6
LF:2
LH:2
BRF:0
BRH:0
end_of_record
